::1 - - [29/May/2016:07:00:10 +0000] "GET / HTTP/1.1" 200 - "-" "Mozilla/5.0 (Macintosh; Intel Mac OS X 10_10_5) AppleWebKit/537.36 (KHTML, like Gecko) Chrome/50.0.2661.102 Safari/537.36"
::1 - - [29/May/2016:07:00:10 +0000] "GET /lib/metisMenu/dist/metisMenu.min.css HTTP/1.1" 200 - "http://localhost:8443/" "Mozilla/5.0 (Macintosh; Intel Mac OS X 10_10_5) AppleWebKit/537.36 (KHTML, like Gecko) Chrome/50.0.2661.102 Safari/537.36"
::1 - - [29/May/2016:07:00:10 +0000] "GET /lib/fontawesome/css/font-awesome.min.css HTTP/1.1" 200 - "http://localhost:8443/" "Mozilla/5.0 (Macintosh; Intel Mac OS X 10_10_5) AppleWebKit/537.36 (KHTML, like Gecko) Chrome/50.0.2661.102 Safari/537.36"
::1 - - [29/May/2016:07:00:10 +0000] "GET /dist/application.min.css HTTP/1.1" 200 - "http://localhost:8443/" "Mozilla/5.0 (Macintosh; Intel Mac OS X 10_10_5) AppleWebKit/537.36 (KHTML, like Gecko) Chrome/50.0.2661.102 Safari/537.36"
::1 - - [29/May/2016:07:00:10 +0000] "GET /lib/jquery/dist/jquery.min.js HTTP/1.1" 200 - "http://localhost:8443/" "Mozilla/5.0 (Macintosh; Intel Mac OS X 10_10_5) AppleWebKit/537.36 (KHTML, like Gecko) Chrome/50.0.2661.102 Safari/537.36"
::1 - - [29/May/2016:07:00:10 +0000] "GET /lib/bootstrap/dist/css/bootstrap.css HTTP/1.1" 200 - "http://localhost:8443/" "Mozilla/5.0 (Macintosh; Intel Mac OS X 10_10_5) AppleWebKit/537.36 (KHTML, like Gecko) Chrome/50.0.2661.102 Safari/537.36"
::1 - - [29/May/2016:07:00:10 +0000] "GET /lib/angular/angular.min.js HTTP/1.1" 200 - "http://localhost:8443/" "Mozilla/5.0 (Macintosh; Intel Mac OS X 10_10_5) AppleWebKit/537.36 (KHTML, like Gecko) Chrome/50.0.2661.102 Safari/537.36"
::1 - - [29/May/2016:07:00:10 +0000] "GET /lib/metisMenu/dist/metisMenu.min.js HTTP/1.1" 200 - "http://localhost:8443/" "Mozilla/5.0 (Macintosh; Intel Mac OS X 10_10_5) AppleWebKit/537.36 (KHTML, like Gecko) Chrome/50.0.2661.102 Safari/537.36"
::1 - - [29/May/2016:07:00:10 +0000] "GET /lib/pace/pace.min.js HTTP/1.1" 200 - "http://localhost:8443/" "Mozilla/5.0 (Macintosh; Intel Mac OS X 10_10_5) AppleWebKit/537.36 (KHTML, like Gecko) Chrome/50.0.2661.102 Safari/537.36"
::1 - - [29/May/2016:07:00:10 +0000] "GET /scripts.js HTTP/1.1" 200 - "http://localhost:8443/" "Mozilla/5.0 (Macintosh; Intel Mac OS X 10_10_5) AppleWebKit/537.36 (KHTML, like Gecko) Chrome/50.0.2661.102 Safari/537.36"
::1 - - [29/May/2016:07:00:10 +0000] "GET /lib/angular-resource/angular-resource.min.js HTTP/1.1" 200 - "http://localhost:8443/" "Mozilla/5.0 (Macintosh; Intel Mac OS X 10_10_5) AppleWebKit/537.36 (KHTML, like Gecko) Chrome/50.0.2661.102 Safari/537.36"
::1 - - [29/May/2016:07:00:10 +0000] "GET /lib/angular-messages/angular-messages.min.js HTTP/1.1" 200 - "http://localhost:8443/" "Mozilla/5.0 (Macintosh; Intel Mac OS X 10_10_5) AppleWebKit/537.36 (KHTML, like Gecko) Chrome/50.0.2661.102 Safari/537.36"
::1 - - [29/May/2016:07:00:10 +0000] "GET /lib/angular-animate/angular-animate.min.js HTTP/1.1" 200 - "http://localhost:8443/" "Mozilla/5.0 (Macintosh; Intel Mac OS X 10_10_5) AppleWebKit/537.36 (KHTML, like Gecko) Chrome/50.0.2661.102 Safari/537.36"
::1 - - [29/May/2016:07:00:10 +0000] "GET /lib/angular-ui-router/release/angular-ui-router.min.js HTTP/1.1" 200 - "http://localhost:8443/" "Mozilla/5.0 (Macintosh; Intel Mac OS X 10_10_5) AppleWebKit/537.36 (KHTML, like Gecko) Chrome/50.0.2661.102 Safari/537.36"
::1 - - [29/May/2016:07:00:10 +0000] "GET /lib/angular-ui-utils/ui-utils.min.js HTTP/1.1" 200 - "http://localhost:8443/" "Mozilla/5.0 (Macintosh; Intel Mac OS X 10_10_5) AppleWebKit/537.36 (KHTML, like Gecko) Chrome/50.0.2661.102 Safari/537.36"
::1 - - [29/May/2016:07:00:10 +0000] "GET /lib/owasp-password-strength-test/owasp-password-strength-test.js HTTP/1.1" 200 - "http://localhost:8443/" "Mozilla/5.0 (Macintosh; Intel Mac OS X 10_10_5) AppleWebKit/537.36 (KHTML, like Gecko) Chrome/50.0.2661.102 Safari/537.36"
::1 - - [29/May/2016:07:00:10 +0000] "GET /lib/angular-bootstrap/ui-bootstrap-tpls.min.js HTTP/1.1" 200 - "http://localhost:8443/" "Mozilla/5.0 (Macintosh; Intel Mac OS X 10_10_5) AppleWebKit/537.36 (KHTML, like Gecko) Chrome/50.0.2661.102 Safari/537.36"
::1 - - [29/May/2016:07:00:10 +0000] "GET /dist/application.min.js HTTP/1.1" 200 - "http://localhost:8443/" "Mozilla/5.0 (Macintosh; Intel Mac OS X 10_10_5) AppleWebKit/537.36 (KHTML, like Gecko) Chrome/50.0.2661.102 Safari/537.36"
::1 - - [29/May/2016:07:00:10 +0000] "GET /lib/angular/angular.js HTTP/1.1" 200 - "http://localhost:8443/" "Mozilla/5.0 (Macintosh; Intel Mac OS X 10_10_5) AppleWebKit/537.36 (KHTML, like Gecko) Chrome/50.0.2661.102 Safari/537.36"
::1 - - [29/May/2016:07:00:10 +0000] "GET /modules/core/client/img/brand/favicon.ico HTTP/1.1" 200 32038 "http://localhost:8443/" "Mozilla/5.0 (Macintosh; Intel Mac OS X 10_10_5) AppleWebKit/537.36 (KHTML, like Gecko) Chrome/50.0.2661.102 Safari/537.36"
::1 - - [29/May/2016:07:00:36 +0000] "GET /lib/bootstrap/dist/css/bootstrap.css HTTP/1.1" 304 - "http://localhost:8443/" "Mozilla/5.0 (Macintosh; Intel Mac OS X 10_10_5) AppleWebKit/537.36 (KHTML, like Gecko) Chrome/50.0.2661.102 Safari/537.36"
::1 - - [29/May/2016:07:00:36 +0000] "GET /lib/metisMenu/dist/metisMenu.min.css HTTP/1.1" 304 - "http://localhost:8443/" "Mozilla/5.0 (Macintosh; Intel Mac OS X 10_10_5) AppleWebKit/537.36 (KHTML, like Gecko) Chrome/50.0.2661.102 Safari/537.36"
::1 - - [29/May/2016:07:00:36 +0000] "GET /lib/fontawesome/css/font-awesome.min.css HTTP/1.1" 304 - "http://localhost:8443/" "Mozilla/5.0 (Macintosh; Intel Mac OS X 10_10_5) AppleWebKit/537.36 (KHTML, like Gecko) Chrome/50.0.2661.102 Safari/537.36"
::1 - - [29/May/2016:07:00:36 +0000] "GET /dist/application.min.css HTTP/1.1" 304 - "http://localhost:8443/" "Mozilla/5.0 (Macintosh; Intel Mac OS X 10_10_5) AppleWebKit/537.36 (KHTML, like Gecko) Chrome/50.0.2661.102 Safari/537.36"
::1 - - [29/May/2016:07:00:36 +0000] "GET /lib/angular-resource/angular-resource.min.js.map HTTP/1.1" 200 - "-" "Mozilla/5.0 (Macintosh; Intel Mac OS X 10_10_5) AppleWebKit/537.36 (KHTML, like Gecko) Chrome/50.0.2661.102 Safari/537.36"
::1 - - [29/May/2016:07:00:36 +0000] "GET /lib/angular-messages/angular-messages.min.js.map HTTP/1.1" 200 - "-" "Mozilla/5.0 (Macintosh; Intel Mac OS X 10_10_5) AppleWebKit/537.36 (KHTML, like Gecko) Chrome/50.0.2661.102 Safari/537.36"
::1 - - [29/May/2016:07:00:36 +0000] "GET /lib/angular-animate/angular-animate.min.js.map HTTP/1.1" 200 - "-" "Mozilla/5.0 (Macintosh; Intel Mac OS X 10_10_5) AppleWebKit/537.36 (KHTML, like Gecko) Chrome/50.0.2661.102 Safari/537.36"
::1 - - [29/May/2016:07:00:36 +0000] "GET /lib/jquery/dist/jquery.min.map HTTP/1.1" 200 - "-" "Mozilla/5.0 (Macintosh; Intel Mac OS X 10_10_5) AppleWebKit/537.36 (KHTML, like Gecko) Chrome/50.0.2661.102 Safari/537.36"
::1 - - [29/May/2016:07:00:36 +0000] "GET /lib/bootstrap/dist/css/bootstrap.css.map HTTP/1.1" 200 - "-" "Mozilla/5.0 (Macintosh; Intel Mac OS X 10_10_5) AppleWebKit/537.36 (KHTML, like Gecko) Chrome/50.0.2661.102 Safari/537.36"
::1 - - [29/May/2016:07:00:37 +0000] "GET /lib/angular/angular.min.js.map HTTP/1.1" 200 - "-" "Mozilla/5.0 (Macintosh; Intel Mac OS X 10_10_5) AppleWebKit/537.36 (KHTML, like Gecko) Chrome/50.0.2661.102 Safari/537.36"
::1 - - [29/May/2016:07:01:38 +0000] "GET / HTTP/1.1" 304 - "-" "Mozilla/5.0 (Macintosh; Intel Mac OS X 10_10_5) AppleWebKit/537.36 (KHTML, like Gecko) Chrome/50.0.2661.102 Safari/537.36"
::1 - - [29/May/2016:07:01:38 +0000] "GET /lib/bootstrap/dist/css/bootstrap.css HTTP/1.1" 304 - "http://localhost:8443/" "Mozilla/5.0 (Macintosh; Intel Mac OS X 10_10_5) AppleWebKit/537.36 (KHTML, like Gecko) Chrome/50.0.2661.102 Safari/537.36"
::1 - - [29/May/2016:07:01:38 +0000] "GET /lib/metisMenu/dist/metisMenu.min.css HTTP/1.1" 304 - "http://localhost:8443/" "Mozilla/5.0 (Macintosh; Intel Mac OS X 10_10_5) AppleWebKit/537.36 (KHTML, like Gecko) Chrome/50.0.2661.102 Safari/537.36"
::1 - - [29/May/2016:07:01:38 +0000] "GET /lib/fontawesome/css/font-awesome.min.css HTTP/1.1" 304 - "http://localhost:8443/" "Mozilla/5.0 (Macintosh; Intel Mac OS X 10_10_5) AppleWebKit/537.36 (KHTML, like Gecko) Chrome/50.0.2661.102 Safari/537.36"
::1 - - [29/May/2016:07:01:38 +0000] "GET /lib/jquery/dist/jquery.min.js HTTP/1.1" 304 - "http://localhost:8443/" "Mozilla/5.0 (Macintosh; Intel Mac OS X 10_10_5) AppleWebKit/537.36 (KHTML, like Gecko) Chrome/50.0.2661.102 Safari/537.36"
::1 - - [29/May/2016:07:01:38 +0000] "GET /lib/angular/angular.min.js HTTP/1.1" 304 - "http://localhost:8443/" "Mozilla/5.0 (Macintosh; Intel Mac OS X 10_10_5) AppleWebKit/537.36 (KHTML, like Gecko) Chrome/50.0.2661.102 Safari/537.36"
::1 - - [29/May/2016:07:01:38 +0000] "GET /lib/angular/angular.js HTTP/1.1" 304 - "http://localhost:8443/" "Mozilla/5.0 (Macintosh; Intel Mac OS X 10_10_5) AppleWebKit/537.36 (KHTML, like Gecko) Chrome/50.0.2661.102 Safari/537.36"
::1 - - [29/May/2016:07:01:38 +0000] "GET /lib/metisMenu/dist/metisMenu.min.js HTTP/1.1" 304 - "http://localhost:8443/" "Mozilla/5.0 (Macintosh; Intel Mac OS X 10_10_5) AppleWebKit/537.36 (KHTML, like Gecko) Chrome/50.0.2661.102 Safari/537.36"
::1 - - [29/May/2016:07:01:38 +0000] "GET /lib/pace/pace.min.js HTTP/1.1" 304 - "http://localhost:8443/" "Mozilla/5.0 (Macintosh; Intel Mac OS X 10_10_5) AppleWebKit/537.36 (KHTML, like Gecko) Chrome/50.0.2661.102 Safari/537.36"
::1 - - [29/May/2016:07:01:38 +0000] "GET /scripts.js HTTP/1.1" 304 - "http://localhost:8443/" "Mozilla/5.0 (Macintosh; Intel Mac OS X 10_10_5) AppleWebKit/537.36 (KHTML, like Gecko) Chrome/50.0.2661.102 Safari/537.36"
::1 - - [29/May/2016:07:01:38 +0000] "GET /lib/angular-resource/angular-resource.min.js HTTP/1.1" 304 - "http://localhost:8443/" "Mozilla/5.0 (Macintosh; Intel Mac OS X 10_10_5) AppleWebKit/537.36 (KHTML, like Gecko) Chrome/50.0.2661.102 Safari/537.36"
::1 - - [29/May/2016:07:01:38 +0000] "GET /dist/application.min.css HTTP/1.1" 200 - "http://localhost:8443/" "Mozilla/5.0 (Macintosh; Intel Mac OS X 10_10_5) AppleWebKit/537.36 (KHTML, like Gecko) Chrome/50.0.2661.102 Safari/537.36"
::1 - - [29/May/2016:07:01:38 +0000] "GET /lib/angular-animate/angular-animate.min.js HTTP/1.1" 304 - "http://localhost:8443/" "Mozilla/5.0 (Macintosh; Intel Mac OS X 10_10_5) AppleWebKit/537.36 (KHTML, like Gecko) Chrome/50.0.2661.102 Safari/537.36"
::1 - - [29/May/2016:07:01:38 +0000] "GET /lib/angular-messages/angular-messages.min.js HTTP/1.1" 304 - "http://localhost:8443/" "Mozilla/5.0 (Macintosh; Intel Mac OS X 10_10_5) AppleWebKit/537.36 (KHTML, like Gecko) Chrome/50.0.2661.102 Safari/537.36"
::1 - - [29/May/2016:07:01:38 +0000] "GET /lib/angular-ui-router/release/angular-ui-router.min.js HTTP/1.1" 304 - "http://localhost:8443/" "Mozilla/5.0 (Macintosh; Intel Mac OS X 10_10_5) AppleWebKit/537.36 (KHTML, like Gecko) Chrome/50.0.2661.102 Safari/537.36"
::1 - - [29/May/2016:07:01:38 +0000] "GET /lib/angular-ui-utils/ui-utils.min.js HTTP/1.1" 304 - "http://localhost:8443/" "Mozilla/5.0 (Macintosh; Intel Mac OS X 10_10_5) AppleWebKit/537.36 (KHTML, like Gecko) Chrome/50.0.2661.102 Safari/537.36"
::1 - - [29/May/2016:07:01:38 +0000] "GET /lib/angular-bootstrap/ui-bootstrap-tpls.min.js HTTP/1.1" 304 - "http://localhost:8443/" "Mozilla/5.0 (Macintosh; Intel Mac OS X 10_10_5) AppleWebKit/537.36 (KHTML, like Gecko) Chrome/50.0.2661.102 Safari/537.36"
::1 - - [29/May/2016:07:01:38 +0000] "GET /lib/owasp-password-strength-test/owasp-password-strength-test.js HTTP/1.1" 304 - "http://localhost:8443/" "Mozilla/5.0 (Macintosh; Intel Mac OS X 10_10_5) AppleWebKit/537.36 (KHTML, like Gecko) Chrome/50.0.2661.102 Safari/537.36"
::1 - - [29/May/2016:07:01:38 +0000] "GET /dist/application.min.js HTTP/1.1" 200 - "http://localhost:8443/" "Mozilla/5.0 (Macintosh; Intel Mac OS X 10_10_5) AppleWebKit/537.36 (KHTML, like Gecko) Chrome/50.0.2661.102 Safari/537.36"
::1 - - [29/May/2016:07:01:38 +0000] "GET /lib/bootstrap/dist/css/bootstrap.css.map HTTP/1.1" 304 - "-" "Mozilla/5.0 (Macintosh; Intel Mac OS X 10_10_5) AppleWebKit/537.36 (KHTML, like Gecko) Chrome/50.0.2661.102 Safari/537.36"
::1 - - [29/May/2016:07:01:38 +0000] "GET /lib/angular/angular.min.js.map HTTP/1.1" 304 - "-" "Mozilla/5.0 (Macintosh; Intel Mac OS X 10_10_5) AppleWebKit/537.36 (KHTML, like Gecko) Chrome/50.0.2661.102 Safari/537.36"
::1 - - [29/May/2016:07:01:38 +0000] "GET /lib/jquery/dist/jquery.min.map HTTP/1.1" 304 - "-" "Mozilla/5.0 (Macintosh; Intel Mac OS X 10_10_5) AppleWebKit/537.36 (KHTML, like Gecko) Chrome/50.0.2661.102 Safari/537.36"
::1 - - [29/May/2016:07:01:38 +0000] "GET /lib/angular-resource/angular-resource.min.js.map HTTP/1.1" 304 - "-" "Mozilla/5.0 (Macintosh; Intel Mac OS X 10_10_5) AppleWebKit/537.36 (KHTML, like Gecko) Chrome/50.0.2661.102 Safari/537.36"
::1 - - [29/May/2016:07:01:38 +0000] "GET /lib/angular-animate/angular-animate.min.js.map HTTP/1.1" 304 - "-" "Mozilla/5.0 (Macintosh; Intel Mac OS X 10_10_5) AppleWebKit/537.36 (KHTML, like Gecko) Chrome/50.0.2661.102 Safari/537.36"
::1 - - [29/May/2016:07:01:38 +0000] "GET /lib/angular-messages/angular-messages.min.js.map HTTP/1.1" 304 - "-" "Mozilla/5.0 (Macintosh; Intel Mac OS X 10_10_5) AppleWebKit/537.36 (KHTML, like Gecko) Chrome/50.0.2661.102 Safari/537.36"
::1 - - [29/May/2016:07:01:39 +0000] "GET / HTTP/1.1" 304 - "-" "Mozilla/5.0 (Macintosh; Intel Mac OS X 10_10_5) AppleWebKit/537.36 (KHTML, like Gecko) Chrome/50.0.2661.102 Safari/537.36"
::1 - - [29/May/2016:07:01:39 +0000] "GET /dist/application.min.css HTTP/1.1" 304 - "http://localhost:8443/" "Mozilla/5.0 (Macintosh; Intel Mac OS X 10_10_5) AppleWebKit/537.36 (KHTML, like Gecko) Chrome/50.0.2661.102 Safari/537.36"
::1 - - [29/May/2016:07:01:39 +0000] "GET /lib/bootstrap/dist/css/bootstrap.css HTTP/1.1" 304 - "http://localhost:8443/" "Mozilla/5.0 (Macintosh; Intel Mac OS X 10_10_5) AppleWebKit/537.36 (KHTML, like Gecko) Chrome/50.0.2661.102 Safari/537.36"
::1 - - [29/May/2016:07:01:39 +0000] "GET /lib/metisMenu/dist/metisMenu.min.css HTTP/1.1" 304 - "http://localhost:8443/" "Mozilla/5.0 (Macintosh; Intel Mac OS X 10_10_5) AppleWebKit/537.36 (KHTML, like Gecko) Chrome/50.0.2661.102 Safari/537.36"
::1 - - [29/May/2016:07:01:39 +0000] "GET /lib/fontawesome/css/font-awesome.min.css HTTP/1.1" 304 - "http://localhost:8443/" "Mozilla/5.0 (Macintosh; Intel Mac OS X 10_10_5) AppleWebKit/537.36 (KHTML, like Gecko) Chrome/50.0.2661.102 Safari/537.36"
::1 - - [29/May/2016:07:01:39 +0000] "GET /lib/angular/angular.min.js HTTP/1.1" 304 - "http://localhost:8443/" "Mozilla/5.0 (Macintosh; Intel Mac OS X 10_10_5) AppleWebKit/537.36 (KHTML, like Gecko) Chrome/50.0.2661.102 Safari/537.36"
::1 - - [29/May/2016:07:01:39 +0000] "GET /lib/jquery/dist/jquery.min.js HTTP/1.1" 304 - "http://localhost:8443/" "Mozilla/5.0 (Macintosh; Intel Mac OS X 10_10_5) AppleWebKit/537.36 (KHTML, like Gecko) Chrome/50.0.2661.102 Safari/537.36"
::1 - - [29/May/2016:07:01:39 +0000] "GET /lib/metisMenu/dist/metisMenu.min.js HTTP/1.1" 304 - "http://localhost:8443/" "Mozilla/5.0 (Macintosh; Intel Mac OS X 10_10_5) AppleWebKit/537.36 (KHTML, like Gecko) Chrome/50.0.2661.102 Safari/537.36"
::1 - - [29/May/2016:07:01:39 +0000] "GET /lib/angular-animate/angular-animate.min.js HTTP/1.1" 304 - "http://localhost:8443/" "Mozilla/5.0 (Macintosh; Intel Mac OS X 10_10_5) AppleWebKit/537.36 (KHTML, like Gecko) Chrome/50.0.2661.102 Safari/537.36"
::1 - - [29/May/2016:07:01:39 +0000] "GET /lib/pace/pace.min.js HTTP/1.1" 304 - "http://localhost:8443/" "Mozilla/5.0 (Macintosh; Intel Mac OS X 10_10_5) AppleWebKit/537.36 (KHTML, like Gecko) Chrome/50.0.2661.102 Safari/537.36"
::1 - - [29/May/2016:07:01:39 +0000] "GET /lib/angular/angular.js HTTP/1.1" 304 - "http://localhost:8443/" "Mozilla/5.0 (Macintosh; Intel Mac OS X 10_10_5) AppleWebKit/537.36 (KHTML, like Gecko) Chrome/50.0.2661.102 Safari/537.36"
::1 - - [29/May/2016:07:01:39 +0000] "GET /lib/angular-resource/angular-resource.min.js HTTP/1.1" 304 - "http://localhost:8443/" "Mozilla/5.0 (Macintosh; Intel Mac OS X 10_10_5) AppleWebKit/537.36 (KHTML, like Gecko) Chrome/50.0.2661.102 Safari/537.36"
::1 - - [29/May/2016:07:01:39 +0000] "GET /scripts.js HTTP/1.1" 304 - "http://localhost:8443/" "Mozilla/5.0 (Macintosh; Intel Mac OS X 10_10_5) AppleWebKit/537.36 (KHTML, like Gecko) Chrome/50.0.2661.102 Safari/537.36"
::1 - - [29/May/2016:07:01:39 +0000] "GET /lib/angular-messages/angular-messages.min.js HTTP/1.1" 304 - "http://localhost:8443/" "Mozilla/5.0 (Macintosh; Intel Mac OS X 10_10_5) AppleWebKit/537.36 (KHTML, like Gecko) Chrome/50.0.2661.102 Safari/537.36"
::1 - - [29/May/2016:07:01:39 +0000] "GET /lib/angular-ui-router/release/angular-ui-router.min.js HTTP/1.1" 304 - "http://localhost:8443/" "Mozilla/5.0 (Macintosh; Intel Mac OS X 10_10_5) AppleWebKit/537.36 (KHTML, like Gecko) Chrome/50.0.2661.102 Safari/537.36"
::1 - - [29/May/2016:07:01:39 +0000] "GET /lib/angular-ui-utils/ui-utils.min.js HTTP/1.1" 304 - "http://localhost:8443/" "Mozilla/5.0 (Macintosh; Intel Mac OS X 10_10_5) AppleWebKit/537.36 (KHTML, like Gecko) Chrome/50.0.2661.102 Safari/537.36"
::1 - - [29/May/2016:07:01:39 +0000] "GET /lib/angular-bootstrap/ui-bootstrap-tpls.min.js HTTP/1.1" 304 - "http://localhost:8443/" "Mozilla/5.0 (Macintosh; Intel Mac OS X 10_10_5) AppleWebKit/537.36 (KHTML, like Gecko) Chrome/50.0.2661.102 Safari/537.36"
::1 - - [29/May/2016:07:01:39 +0000] "GET /lib/owasp-password-strength-test/owasp-password-strength-test.js HTTP/1.1" 304 - "http://localhost:8443/" "Mozilla/5.0 (Macintosh; Intel Mac OS X 10_10_5) AppleWebKit/537.36 (KHTML, like Gecko) Chrome/50.0.2661.102 Safari/537.36"
::1 - - [29/May/2016:07:01:39 +0000] "GET /dist/application.min.js HTTP/1.1" 304 - "http://localhost:8443/" "Mozilla/5.0 (Macintosh; Intel Mac OS X 10_10_5) AppleWebKit/537.36 (KHTML, like Gecko) Chrome/50.0.2661.102 Safari/537.36"
::1 - - [29/May/2016:07:01:39 +0000] "GET /lib/bootstrap/dist/css/bootstrap.css.map HTTP/1.1" 304 - "-" "Mozilla/5.0 (Macintosh; Intel Mac OS X 10_10_5) AppleWebKit/537.36 (KHTML, like Gecko) Chrome/50.0.2661.102 Safari/537.36"
::1 - - [29/May/2016:07:01:39 +0000] "GET /lib/angular/angular.min.js.map HTTP/1.1" 304 - "-" "Mozilla/5.0 (Macintosh; Intel Mac OS X 10_10_5) AppleWebKit/537.36 (KHTML, like Gecko) Chrome/50.0.2661.102 Safari/537.36"
::1 - - [29/May/2016:07:01:39 +0000] "GET /lib/jquery/dist/jquery.min.map HTTP/1.1" 304 - "-" "Mozilla/5.0 (Macintosh; Intel Mac OS X 10_10_5) AppleWebKit/537.36 (KHTML, like Gecko) Chrome/50.0.2661.102 Safari/537.36"
::1 - - [29/May/2016:07:01:39 +0000] "GET /lib/angular-resource/angular-resource.min.js.map HTTP/1.1" 304 - "-" "Mozilla/5.0 (Macintosh; Intel Mac OS X 10_10_5) AppleWebKit/537.36 (KHTML, like Gecko) Chrome/50.0.2661.102 Safari/537.36"
::1 - - [29/May/2016:07:01:39 +0000] "GET /lib/angular-animate/angular-animate.min.js.map HTTP/1.1" 304 - "-" "Mozilla/5.0 (Macintosh; Intel Mac OS X 10_10_5) AppleWebKit/537.36 (KHTML, like Gecko) Chrome/50.0.2661.102 Safari/537.36"
::1 - - [29/May/2016:07:01:39 +0000] "GET /lib/angular-messages/angular-messages.min.js.map HTTP/1.1" 304 - "-" "Mozilla/5.0 (Macintosh; Intel Mac OS X 10_10_5) AppleWebKit/537.36 (KHTML, like Gecko) Chrome/50.0.2661.102 Safari/537.36"
::1 - - [30/May/2016:09:34:33 +0000] "GET / HTTP/1.1" 304 - "-" "Mozilla/5.0 (Macintosh; Intel Mac OS X 10_10_5) AppleWebKit/537.36 (KHTML, like Gecko) Chrome/50.0.2661.102 Safari/537.36"
::1 - - [30/May/2016:09:34:33 +0000] "GET /lib/bootstrap/dist/css/bootstrap.css HTTP/1.1" 304 - "http://localhost:8443/" "Mozilla/5.0 (Macintosh; Intel Mac OS X 10_10_5) AppleWebKit/537.36 (KHTML, like Gecko) Chrome/50.0.2661.102 Safari/537.36"
::1 - - [30/May/2016:09:34:33 +0000] "GET /lib/angular/angular.min.js HTTP/1.1" 304 - "http://localhost:8443/" "Mozilla/5.0 (Macintosh; Intel Mac OS X 10_10_5) AppleWebKit/537.36 (KHTML, like Gecko) Chrome/50.0.2661.102 Safari/537.36"
::1 - - [30/May/2016:09:34:33 +0000] "GET /lib/metisMenu/dist/metisMenu.min.css HTTP/1.1" 304 - "http://localhost:8443/" "Mozilla/5.0 (Macintosh; Intel Mac OS X 10_10_5) AppleWebKit/537.36 (KHTML, like Gecko) Chrome/50.0.2661.102 Safari/537.36"
::1 - - [30/May/2016:09:34:33 +0000] "GET /lib/fontawesome/css/font-awesome.min.css HTTP/1.1" 304 - "http://localhost:8443/" "Mozilla/5.0 (Macintosh; Intel Mac OS X 10_10_5) AppleWebKit/537.36 (KHTML, like Gecko) Chrome/50.0.2661.102 Safari/537.36"
::1 - - [30/May/2016:09:34:33 +0000] "GET /lib/jquery/dist/jquery.min.js HTTP/1.1" 304 - "http://localhost:8443/" "Mozilla/5.0 (Macintosh; Intel Mac OS X 10_10_5) AppleWebKit/537.36 (KHTML, like Gecko) Chrome/50.0.2661.102 Safari/537.36"
::1 - - [30/May/2016:09:34:33 +0000] "GET /lib/angular-resource/angular-resource.min.js HTTP/1.1" 304 - "http://localhost:8443/" "Mozilla/5.0 (Macintosh; Intel Mac OS X 10_10_5) AppleWebKit/537.36 (KHTML, like Gecko) Chrome/50.0.2661.102 Safari/537.36"
::1 - - [30/May/2016:09:34:33 +0000] "GET /lib/angular-animate/angular-animate.min.js HTTP/1.1" 304 - "http://localhost:8443/" "Mozilla/5.0 (Macintosh; Intel Mac OS X 10_10_5) AppleWebKit/537.36 (KHTML, like Gecko) Chrome/50.0.2661.102 Safari/537.36"
::1 - - [30/May/2016:09:34:33 +0000] "GET /scripts.js HTTP/1.1" 304 - "http://localhost:8443/" "Mozilla/5.0 (Macintosh; Intel Mac OS X 10_10_5) AppleWebKit/537.36 (KHTML, like Gecko) Chrome/50.0.2661.102 Safari/537.36"
::1 - - [30/May/2016:09:34:33 +0000] "GET /lib/pace/pace.min.js HTTP/1.1" 304 - "http://localhost:8443/" "Mozilla/5.0 (Macintosh; Intel Mac OS X 10_10_5) AppleWebKit/537.36 (KHTML, like Gecko) Chrome/50.0.2661.102 Safari/537.36"
::1 - - [30/May/2016:09:34:33 +0000] "GET /dist/application.min.css HTTP/1.1" 200 - "http://localhost:8443/" "Mozilla/5.0 (Macintosh; Intel Mac OS X 10_10_5) AppleWebKit/537.36 (KHTML, like Gecko) Chrome/50.0.2661.102 Safari/537.36"
::1 - - [30/May/2016:09:34:33 +0000] "GET /lib/metisMenu/dist/metisMenu.min.js HTTP/1.1" 304 - "http://localhost:8443/" "Mozilla/5.0 (Macintosh; Intel Mac OS X 10_10_5) AppleWebKit/537.36 (KHTML, like Gecko) Chrome/50.0.2661.102 Safari/537.36"
::1 - - [30/May/2016:09:34:33 +0000] "GET /lib/angular/angular.js HTTP/1.1" 304 - "http://localhost:8443/" "Mozilla/5.0 (Macintosh; Intel Mac OS X 10_10_5) AppleWebKit/537.36 (KHTML, like Gecko) Chrome/50.0.2661.102 Safari/537.36"
::1 - - [30/May/2016:09:34:33 +0000] "GET /lib/angular-ui-utils/ui-utils.min.js HTTP/1.1" 304 - "http://localhost:8443/" "Mozilla/5.0 (Macintosh; Intel Mac OS X 10_10_5) AppleWebKit/537.36 (KHTML, like Gecko) Chrome/50.0.2661.102 Safari/537.36"
::1 - - [30/May/2016:09:34:33 +0000] "GET /lib/angular-messages/angular-messages.min.js HTTP/1.1" 304 - "http://localhost:8443/" "Mozilla/5.0 (Macintosh; Intel Mac OS X 10_10_5) AppleWebKit/537.36 (KHTML, like Gecko) Chrome/50.0.2661.102 Safari/537.36"
::1 - - [30/May/2016:09:34:33 +0000] "GET /lib/angular-ui-router/release/angular-ui-router.min.js HTTP/1.1" 304 - "http://localhost:8443/" "Mozilla/5.0 (Macintosh; Intel Mac OS X 10_10_5) AppleWebKit/537.36 (KHTML, like Gecko) Chrome/50.0.2661.102 Safari/537.36"
::1 - - [30/May/2016:09:34:33 +0000] "GET /lib/angular-bootstrap/ui-bootstrap-tpls.min.js HTTP/1.1" 304 - "http://localhost:8443/" "Mozilla/5.0 (Macintosh; Intel Mac OS X 10_10_5) AppleWebKit/537.36 (KHTML, like Gecko) Chrome/50.0.2661.102 Safari/537.36"
::1 - - [30/May/2016:09:34:33 +0000] "GET /lib/owasp-password-strength-test/owasp-password-strength-test.js HTTP/1.1" 304 - "http://localhost:8443/" "Mozilla/5.0 (Macintosh; Intel Mac OS X 10_10_5) AppleWebKit/537.36 (KHTML, like Gecko) Chrome/50.0.2661.102 Safari/537.36"
::1 - - [30/May/2016:09:34:33 +0000] "GET /dist/application.min.js HTTP/1.1" 200 - "http://localhost:8443/" "Mozilla/5.0 (Macintosh; Intel Mac OS X 10_10_5) AppleWebKit/537.36 (KHTML, like Gecko) Chrome/50.0.2661.102 Safari/537.36"
::1 - - [30/May/2016:09:36:10 +0000] "GET / HTTP/1.1" 200 - "-" "Mozilla/5.0 (Macintosh; Intel Mac OS X 10_10_5) AppleWebKit/537.36 (KHTML, like Gecko) Chrome/50.0.2661.102 Safari/537.36"
::1 - - [30/May/2016:09:36:10 +0000] "GET /dist/application.min.css HTTP/1.1" 304 - "http://localhost:8443/" "Mozilla/5.0 (Macintosh; Intel Mac OS X 10_10_5) AppleWebKit/537.36 (KHTML, like Gecko) Chrome/50.0.2661.102 Safari/537.36"
::1 - - [30/May/2016:09:36:10 +0000] "GET /lib/angular/angular.min.js HTTP/1.1" 304 - "http://localhost:8443/" "Mozilla/5.0 (Macintosh; Intel Mac OS X 10_10_5) AppleWebKit/537.36 (KHTML, like Gecko) Chrome/50.0.2661.102 Safari/537.36"
::1 - - [30/May/2016:09:36:10 +0000] "GET /lib/bootstrap/dist/css/bootstrap.css HTTP/1.1" 304 - "http://localhost:8443/" "Mozilla/5.0 (Macintosh; Intel Mac OS X 10_10_5) AppleWebKit/537.36 (KHTML, like Gecko) Chrome/50.0.2661.102 Safari/537.36"
::1 - - [30/May/2016:09:36:10 +0000] "GET /lib/metisMenu/dist/metisMenu.min.css HTTP/1.1" 304 - "http://localhost:8443/" "Mozilla/5.0 (Macintosh; Intel Mac OS X 10_10_5) AppleWebKit/537.36 (KHTML, like Gecko) Chrome/50.0.2661.102 Safari/537.36"
::1 - - [30/May/2016:09:36:10 +0000] "GET /lib/fontawesome/css/font-awesome.min.css HTTP/1.1" 304 - "http://localhost:8443/" "Mozilla/5.0 (Macintosh; Intel Mac OS X 10_10_5) AppleWebKit/537.36 (KHTML, like Gecko) Chrome/50.0.2661.102 Safari/537.36"
::1 - - [30/May/2016:09:36:10 +0000] "GET /lib/jquery/dist/jquery.min.js HTTP/1.1" 304 - "http://localhost:8443/" "Mozilla/5.0 (Macintosh; Intel Mac OS X 10_10_5) AppleWebKit/537.36 (KHTML, like Gecko) Chrome/50.0.2661.102 Safari/537.36"
::1 - - [30/May/2016:09:36:10 +0000] "GET /lib/metisMenu/dist/metisMenu.min.js HTTP/1.1" 304 - "http://localhost:8443/" "Mozilla/5.0 (Macintosh; Intel Mac OS X 10_10_5) AppleWebKit/537.36 (KHTML, like Gecko) Chrome/50.0.2661.102 Safari/537.36"
::1 - - [30/May/2016:09:36:10 +0000] "GET /lib/angular-messages/angular-messages.min.js HTTP/1.1" 304 - "http://localhost:8443/" "Mozilla/5.0 (Macintosh; Intel Mac OS X 10_10_5) AppleWebKit/537.36 (KHTML, like Gecko) Chrome/50.0.2661.102 Safari/537.36"
::1 - - [30/May/2016:09:36:10 +0000] "GET /lib/pace/pace.min.js HTTP/1.1" 304 - "http://localhost:8443/" "Mozilla/5.0 (Macintosh; Intel Mac OS X 10_10_5) AppleWebKit/537.36 (KHTML, like Gecko) Chrome/50.0.2661.102 Safari/537.36"
::1 - - [30/May/2016:09:36:10 +0000] "GET /scripts.js HTTP/1.1" 304 - "http://localhost:8443/" "Mozilla/5.0 (Macintosh; Intel Mac OS X 10_10_5) AppleWebKit/537.36 (KHTML, like Gecko) Chrome/50.0.2661.102 Safari/537.36"
::1 - - [30/May/2016:09:36:10 +0000] "GET /lib/angular-resource/angular-resource.min.js HTTP/1.1" 304 - "http://localhost:8443/" "Mozilla/5.0 (Macintosh; Intel Mac OS X 10_10_5) AppleWebKit/537.36 (KHTML, like Gecko) Chrome/50.0.2661.102 Safari/537.36"
::1 - - [30/May/2016:09:36:10 +0000] "GET /lib/angular-animate/angular-animate.min.js HTTP/1.1" 304 - "http://localhost:8443/" "Mozilla/5.0 (Macintosh; Intel Mac OS X 10_10_5) AppleWebKit/537.36 (KHTML, like Gecko) Chrome/50.0.2661.102 Safari/537.36"
::1 - - [30/May/2016:09:36:10 +0000] "GET /lib/angular-ui-router/release/angular-ui-router.min.js HTTP/1.1" 304 - "http://localhost:8443/" "Mozilla/5.0 (Macintosh; Intel Mac OS X 10_10_5) AppleWebKit/537.36 (KHTML, like Gecko) Chrome/50.0.2661.102 Safari/537.36"
::1 - - [30/May/2016:09:36:10 +0000] "GET /lib/angular-ui-utils/ui-utils.min.js HTTP/1.1" 304 - "http://localhost:8443/" "Mozilla/5.0 (Macintosh; Intel Mac OS X 10_10_5) AppleWebKit/537.36 (KHTML, like Gecko) Chrome/50.0.2661.102 Safari/537.36"
::1 - - [30/May/2016:09:36:10 +0000] "GET /lib/angular-bootstrap/ui-bootstrap-tpls.min.js HTTP/1.1" 304 - "http://localhost:8443/" "Mozilla/5.0 (Macintosh; Intel Mac OS X 10_10_5) AppleWebKit/537.36 (KHTML, like Gecko) Chrome/50.0.2661.102 Safari/537.36"
::1 - - [30/May/2016:09:36:10 +0000] "GET /lib/owasp-password-strength-test/owasp-password-strength-test.js HTTP/1.1" 304 - "http://localhost:8443/" "Mozilla/5.0 (Macintosh; Intel Mac OS X 10_10_5) AppleWebKit/537.36 (KHTML, like Gecko) Chrome/50.0.2661.102 Safari/537.36"
::1 - - [30/May/2016:09:36:10 +0000] "GET /dist/application.min.js HTTP/1.1" 304 - "http://localhost:8443/" "Mozilla/5.0 (Macintosh; Intel Mac OS X 10_10_5) AppleWebKit/537.36 (KHTML, like Gecko) Chrome/50.0.2661.102 Safari/537.36"
::1 - - [30/May/2016:09:36:10 +0000] "GET /modules/core/client/img/brand/favicon.ico HTTP/1.1" 200 32038 "http://localhost:8443/" "Mozilla/5.0 (Macintosh; Intel Mac OS X 10_10_5) AppleWebKit/537.36 (KHTML, like Gecko) Chrome/50.0.2661.102 Safari/537.36"
::1 - - [30/May/2016:09:36:26 +0000] "GET / HTTP/1.1" 304 - "-" "Mozilla/5.0 (Macintosh; Intel Mac OS X 10_10_5) AppleWebKit/537.36 (KHTML, like Gecko) Chrome/50.0.2661.102 Safari/537.36"
::1 - - [30/May/2016:09:36:26 +0000] "GET /lib/bootstrap/dist/css/bootstrap.css HTTP/1.1" 304 - "http://localhost:8443/" "Mozilla/5.0 (Macintosh; Intel Mac OS X 10_10_5) AppleWebKit/537.36 (KHTML, like Gecko) Chrome/50.0.2661.102 Safari/537.36"
::1 - - [30/May/2016:09:36:26 +0000] "GET /lib/metisMenu/dist/metisMenu.min.css HTTP/1.1" 304 - "http://localhost:8443/" "Mozilla/5.0 (Macintosh; Intel Mac OS X 10_10_5) AppleWebKit/537.36 (KHTML, like Gecko) Chrome/50.0.2661.102 Safari/537.36"
::1 - - [30/May/2016:09:36:26 +0000] "GET /lib/fontawesome/css/font-awesome.min.css HTTP/1.1" 304 - "http://localhost:8443/" "Mozilla/5.0 (Macintosh; Intel Mac OS X 10_10_5) AppleWebKit/537.36 (KHTML, like Gecko) Chrome/50.0.2661.102 Safari/537.36"
::1 - - [30/May/2016:09:36:26 +0000] "GET /lib/angular/angular.min.js HTTP/1.1" 304 - "http://localhost:8443/" "Mozilla/5.0 (Macintosh; Intel Mac OS X 10_10_5) AppleWebKit/537.36 (KHTML, like Gecko) Chrome/50.0.2661.102 Safari/537.36"
::1 - - [30/May/2016:09:36:26 +0000] "GET /lib/jquery/dist/jquery.min.js HTTP/1.1" 304 - "http://localhost:8443/" "Mozilla/5.0 (Macintosh; Intel Mac OS X 10_10_5) AppleWebKit/537.36 (KHTML, like Gecko) Chrome/50.0.2661.102 Safari/537.36"
::1 - - [30/May/2016:09:36:26 +0000] "GET /lib/metisMenu/dist/metisMenu.min.js HTTP/1.1" 304 - "http://localhost:8443/" "Mozilla/5.0 (Macintosh; Intel Mac OS X 10_10_5) AppleWebKit/537.36 (KHTML, like Gecko) Chrome/50.0.2661.102 Safari/537.36"
::1 - - [30/May/2016:09:36:26 +0000] "GET /lib/pace/pace.min.js HTTP/1.1" 304 - "http://localhost:8443/" "Mozilla/5.0 (Macintosh; Intel Mac OS X 10_10_5) AppleWebKit/537.36 (KHTML, like Gecko) Chrome/50.0.2661.102 Safari/537.36"
::1 - - [30/May/2016:09:36:26 +0000] "GET /scripts.js HTTP/1.1" 304 - "http://localhost:8443/" "Mozilla/5.0 (Macintosh; Intel Mac OS X 10_10_5) AppleWebKit/537.36 (KHTML, like Gecko) Chrome/50.0.2661.102 Safari/537.36"
::1 - - [30/May/2016:09:36:26 +0000] "GET /lib/angular-resource/angular-resource.min.js HTTP/1.1" 304 - "http://localhost:8443/" "Mozilla/5.0 (Macintosh; Intel Mac OS X 10_10_5) AppleWebKit/537.36 (KHTML, like Gecko) Chrome/50.0.2661.102 Safari/537.36"
::1 - - [30/May/2016:09:36:26 +0000] "GET /lib/angular-animate/angular-animate.min.js HTTP/1.1" 304 - "http://localhost:8443/" "Mozilla/5.0 (Macintosh; Intel Mac OS X 10_10_5) AppleWebKit/537.36 (KHTML, like Gecko) Chrome/50.0.2661.102 Safari/537.36"
::1 - - [30/May/2016:09:36:26 +0000] "GET /dist/application.min.css HTTP/1.1" 200 - "http://localhost:8443/" "Mozilla/5.0 (Macintosh; Intel Mac OS X 10_10_5) AppleWebKit/537.36 (KHTML, like Gecko) Chrome/50.0.2661.102 Safari/537.36"
::1 - - [30/May/2016:09:36:26 +0000] "GET /lib/angular-messages/angular-messages.min.js HTTP/1.1" 304 - "http://localhost:8443/" "Mozilla/5.0 (Macintosh; Intel Mac OS X 10_10_5) AppleWebKit/537.36 (KHTML, like Gecko) Chrome/50.0.2661.102 Safari/537.36"
::1 - - [30/May/2016:09:36:26 +0000] "GET /lib/angular-ui-router/release/angular-ui-router.min.js HTTP/1.1" 304 - "http://localhost:8443/" "Mozilla/5.0 (Macintosh; Intel Mac OS X 10_10_5) AppleWebKit/537.36 (KHTML, like Gecko) Chrome/50.0.2661.102 Safari/537.36"
::1 - - [30/May/2016:09:36:26 +0000] "GET /lib/angular-ui-utils/ui-utils.min.js HTTP/1.1" 304 - "http://localhost:8443/" "Mozilla/5.0 (Macintosh; Intel Mac OS X 10_10_5) AppleWebKit/537.36 (KHTML, like Gecko) Chrome/50.0.2661.102 Safari/537.36"
::1 - - [30/May/2016:09:36:26 +0000] "GET /lib/angular-bootstrap/ui-bootstrap-tpls.min.js HTTP/1.1" 304 - "http://localhost:8443/" "Mozilla/5.0 (Macintosh; Intel Mac OS X 10_10_5) AppleWebKit/537.36 (KHTML, like Gecko) Chrome/50.0.2661.102 Safari/537.36"
::1 - - [30/May/2016:09:36:26 +0000] "GET /lib/owasp-password-strength-test/owasp-password-strength-test.js HTTP/1.1" 304 - "http://localhost:8443/" "Mozilla/5.0 (Macintosh; Intel Mac OS X 10_10_5) AppleWebKit/537.36 (KHTML, like Gecko) Chrome/50.0.2661.102 Safari/537.36"
::1 - - [30/May/2016:09:36:26 +0000] "GET /dist/application.min.js HTTP/1.1" 200 - "http://localhost:8443/" "Mozilla/5.0 (Macintosh; Intel Mac OS X 10_10_5) AppleWebKit/537.36 (KHTML, like Gecko) Chrome/50.0.2661.102 Safari/537.36"
::1 - - [30/May/2016:09:36:26 +0000] "GET /modules/core/client/img/brand/favicon.ico HTTP/1.1" 200 32038 "http://localhost:8443/" "Mozilla/5.0 (Macintosh; Intel Mac OS X 10_10_5) AppleWebKit/537.36 (KHTML, like Gecko) Chrome/50.0.2661.102 Safari/537.36"
::1 - - [30/May/2016:09:36:27 +0000] "GET /lib/bootstrap/dist/css/bootstrap.css HTTP/1.1" 304 - "http://localhost:8443/" "Mozilla/5.0 (Macintosh; Intel Mac OS X 10_10_5) AppleWebKit/537.36 (KHTML, like Gecko) Chrome/50.0.2661.102 Safari/537.36"
::1 - - [30/May/2016:09:36:27 +0000] "GET /lib/metisMenu/dist/metisMenu.min.css HTTP/1.1" 304 - "http://localhost:8443/" "Mozilla/5.0 (Macintosh; Intel Mac OS X 10_10_5) AppleWebKit/537.36 (KHTML, like Gecko) Chrome/50.0.2661.102 Safari/537.36"
::1 - - [30/May/2016:09:36:27 +0000] "GET /lib/fontawesome/css/font-awesome.min.css HTTP/1.1" 304 - "http://localhost:8443/" "Mozilla/5.0 (Macintosh; Intel Mac OS X 10_10_5) AppleWebKit/537.36 (KHTML, like Gecko) Chrome/50.0.2661.102 Safari/537.36"
::1 - - [30/May/2016:09:36:27 +0000] "GET /dist/application.min.css HTTP/1.1" 304 - "http://localhost:8443/" "Mozilla/5.0 (Macintosh; Intel Mac OS X 10_10_5) AppleWebKit/537.36 (KHTML, like Gecko) Chrome/50.0.2661.102 Safari/537.36"
::1 - - [30/May/2016:09:36:27 +0000] "GET /lib/angular/angular.min.js.map HTTP/1.1" 304 - "-" "Mozilla/5.0 (Macintosh; Intel Mac OS X 10_10_5) AppleWebKit/537.36 (KHTML, like Gecko) Chrome/50.0.2661.102 Safari/537.36"
::1 - - [30/May/2016:09:36:27 +0000] "GET /lib/jquery/dist/jquery.min.map HTTP/1.1" 304 - "-" "Mozilla/5.0 (Macintosh; Intel Mac OS X 10_10_5) AppleWebKit/537.36 (KHTML, like Gecko) Chrome/50.0.2661.102 Safari/537.36"
::1 - - [30/May/2016:09:36:27 +0000] "GET /lib/angular-resource/angular-resource.min.js.map HTTP/1.1" 304 - "-" "Mozilla/5.0 (Macintosh; Intel Mac OS X 10_10_5) AppleWebKit/537.36 (KHTML, like Gecko) Chrome/50.0.2661.102 Safari/537.36"
::1 - - [30/May/2016:09:36:27 +0000] "GET /lib/angular-animate/angular-animate.min.js.map HTTP/1.1" 304 - "-" "Mozilla/5.0 (Macintosh; Intel Mac OS X 10_10_5) AppleWebKit/537.36 (KHTML, like Gecko) Chrome/50.0.2661.102 Safari/537.36"
::1 - - [30/May/2016:09:36:27 +0000] "GET /lib/angular-messages/angular-messages.min.js.map HTTP/1.1" 304 - "-" "Mozilla/5.0 (Macintosh; Intel Mac OS X 10_10_5) AppleWebKit/537.36 (KHTML, like Gecko) Chrome/50.0.2661.102 Safari/537.36"
::1 - - [30/May/2016:09:36:28 +0000] "GET /lib/bootstrap/dist/css/bootstrap.css.map HTTP/1.1" 304 - "-" "Mozilla/5.0 (Macintosh; Intel Mac OS X 10_10_5) AppleWebKit/537.36 (KHTML, like Gecko) Chrome/50.0.2661.102 Safari/537.36"
::1 - - [30/May/2016:09:37:04 +0000] "GET / HTTP/1.1" 200 - "-" "Mozilla/5.0 (Macintosh; Intel Mac OS X 10_10_5) AppleWebKit/537.36 (KHTML, like Gecko) Chrome/50.0.2661.102 Safari/537.36"
::1 - - [30/May/2016:09:37:04 +0000] "GET /dist/application.min.css HTTP/1.1" 304 - "http://localhost:8443/" "Mozilla/5.0 (Macintosh; Intel Mac OS X 10_10_5) AppleWebKit/537.36 (KHTML, like Gecko) Chrome/50.0.2661.102 Safari/537.36"
::1 - - [30/May/2016:09:37:04 +0000] "GET /lib/angular/angular.js HTTP/1.1" 304 - "http://localhost:8443/" "Mozilla/5.0 (Macintosh; Intel Mac OS X 10_10_5) AppleWebKit/537.36 (KHTML, like Gecko) Chrome/50.0.2661.102 Safari/537.36"
::1 - - [30/May/2016:09:37:04 +0000] "GET /lib/bootstrap/dist/css/bootstrap.css HTTP/1.1" 304 - "http://localhost:8443/" "Mozilla/5.0 (Macintosh; Intel Mac OS X 10_10_5) AppleWebKit/537.36 (KHTML, like Gecko) Chrome/50.0.2661.102 Safari/537.36"
::1 - - [30/May/2016:09:37:04 +0000] "GET /lib/metisMenu/dist/metisMenu.min.css HTTP/1.1" 304 - "http://localhost:8443/" "Mozilla/5.0 (Macintosh; Intel Mac OS X 10_10_5) AppleWebKit/537.36 (KHTML, like Gecko) Chrome/50.0.2661.102 Safari/537.36"
::1 - - [30/May/2016:09:37:04 +0000] "GET /lib/fontawesome/css/font-awesome.min.css HTTP/1.1" 304 - "http://localhost:8443/" "Mozilla/5.0 (Macintosh; Intel Mac OS X 10_10_5) AppleWebKit/537.36 (KHTML, like Gecko) Chrome/50.0.2661.102 Safari/537.36"
::1 - - [30/May/2016:09:37:04 +0000] "GET /lib/jquery/dist/jquery.min.js HTTP/1.1" 304 - "http://localhost:8443/" "Mozilla/5.0 (Macintosh; Intel Mac OS X 10_10_5) AppleWebKit/537.36 (KHTML, like Gecko) Chrome/50.0.2661.102 Safari/537.36"
::1 - - [30/May/2016:09:37:04 +0000] "GET /lib/metisMenu/dist/metisMenu.min.js HTTP/1.1" 304 - "http://localhost:8443/" "Mozilla/5.0 (Macintosh; Intel Mac OS X 10_10_5) AppleWebKit/537.36 (KHTML, like Gecko) Chrome/50.0.2661.102 Safari/537.36"
::1 - - [30/May/2016:09:37:04 +0000] "GET /lib/angular-resource/angular-resource.min.js HTTP/1.1" 304 - "http://localhost:8443/" "Mozilla/5.0 (Macintosh; Intel Mac OS X 10_10_5) AppleWebKit/537.36 (KHTML, like Gecko) Chrome/50.0.2661.102 Safari/537.36"
::1 - - [30/May/2016:09:37:04 +0000] "GET /lib/angular-messages/angular-messages.min.js HTTP/1.1" 304 - "http://localhost:8443/" "Mozilla/5.0 (Macintosh; Intel Mac OS X 10_10_5) AppleWebKit/537.36 (KHTML, like Gecko) Chrome/50.0.2661.102 Safari/537.36"
::1 - - [30/May/2016:09:37:04 +0000] "GET /lib/pace/pace.min.js HTTP/1.1" 304 - "http://localhost:8443/" "Mozilla/5.0 (Macintosh; Intel Mac OS X 10_10_5) AppleWebKit/537.36 (KHTML, like Gecko) Chrome/50.0.2661.102 Safari/537.36"
::1 - - [30/May/2016:09:37:04 +0000] "GET /lib/angular-animate/angular-animate.min.js HTTP/1.1" 304 - "http://localhost:8443/" "Mozilla/5.0 (Macintosh; Intel Mac OS X 10_10_5) AppleWebKit/537.36 (KHTML, like Gecko) Chrome/50.0.2661.102 Safari/537.36"
::1 - - [30/May/2016:09:37:04 +0000] "GET /scripts.js HTTP/1.1" 304 - "http://localhost:8443/" "Mozilla/5.0 (Macintosh; Intel Mac OS X 10_10_5) AppleWebKit/537.36 (KHTML, like Gecko) Chrome/50.0.2661.102 Safari/537.36"
::1 - - [30/May/2016:09:37:04 +0000] "GET /lib/angular-ui-router/release/angular-ui-router.min.js HTTP/1.1" 304 - "http://localhost:8443/" "Mozilla/5.0 (Macintosh; Intel Mac OS X 10_10_5) AppleWebKit/537.36 (KHTML, like Gecko) Chrome/50.0.2661.102 Safari/537.36"
::1 - - [30/May/2016:09:37:04 +0000] "GET /lib/angular-ui-utils/ui-utils.min.js HTTP/1.1" 304 - "http://localhost:8443/" "Mozilla/5.0 (Macintosh; Intel Mac OS X 10_10_5) AppleWebKit/537.36 (KHTML, like Gecko) Chrome/50.0.2661.102 Safari/537.36"
::1 - - [30/May/2016:09:37:04 +0000] "GET /lib/angular-bootstrap/ui-bootstrap-tpls.min.js HTTP/1.1" 304 - "http://localhost:8443/" "Mozilla/5.0 (Macintosh; Intel Mac OS X 10_10_5) AppleWebKit/537.36 (KHTML, like Gecko) Chrome/50.0.2661.102 Safari/537.36"
::1 - - [30/May/2016:09:37:04 +0000] "GET /lib/owasp-password-strength-test/owasp-password-strength-test.js HTTP/1.1" 304 - "http://localhost:8443/" "Mozilla/5.0 (Macintosh; Intel Mac OS X 10_10_5) AppleWebKit/537.36 (KHTML, like Gecko) Chrome/50.0.2661.102 Safari/537.36"
::1 - - [30/May/2016:09:37:04 +0000] "GET /dist/application.min.js HTTP/1.1" 304 - "http://localhost:8443/" "Mozilla/5.0 (Macintosh; Intel Mac OS X 10_10_5) AppleWebKit/537.36 (KHTML, like Gecko) Chrome/50.0.2661.102 Safari/537.36"
::1 - - [30/May/2016:09:37:04 +0000] "GET /lib/bootstrap/dist/css/bootstrap.css.map HTTP/1.1" 304 - "-" "Mozilla/5.0 (Macintosh; Intel Mac OS X 10_10_5) AppleWebKit/537.36 (KHTML, like Gecko) Chrome/50.0.2661.102 Safari/537.36"
::1 - - [30/May/2016:09:37:04 +0000] "GET /lib/jquery/dist/jquery.min.map HTTP/1.1" 304 - "-" "Mozilla/5.0 (Macintosh; Intel Mac OS X 10_10_5) AppleWebKit/537.36 (KHTML, like Gecko) Chrome/50.0.2661.102 Safari/537.36"
::1 - - [30/May/2016:09:37:04 +0000] "GET /lib/angular-resource/angular-resource.min.js.map HTTP/1.1" 304 - "-" "Mozilla/5.0 (Macintosh; Intel Mac OS X 10_10_5) AppleWebKit/537.36 (KHTML, like Gecko) Chrome/50.0.2661.102 Safari/537.36"
::1 - - [30/May/2016:09:37:04 +0000] "GET /lib/angular-animate/angular-animate.min.js.map HTTP/1.1" 304 - "-" "Mozilla/5.0 (Macintosh; Intel Mac OS X 10_10_5) AppleWebKit/537.36 (KHTML, like Gecko) Chrome/50.0.2661.102 Safari/537.36"
::1 - - [30/May/2016:09:37:04 +0000] "GET /lib/angular-messages/angular-messages.min.js.map HTTP/1.1" 304 - "-" "Mozilla/5.0 (Macintosh; Intel Mac OS X 10_10_5) AppleWebKit/537.36 (KHTML, like Gecko) Chrome/50.0.2661.102 Safari/537.36"
::1 - - [30/May/2016:09:37:56 +0000] "GET / HTTP/1.1" 304 - "-" "Mozilla/5.0 (Macintosh; Intel Mac OS X 10_10_5) AppleWebKit/537.36 (KHTML, like Gecko) Chrome/50.0.2661.102 Safari/537.36"
::1 - - [30/May/2016:09:37:56 +0000] "GET /lib/bootstrap/dist/css/bootstrap.css HTTP/1.1" 304 - "http://localhost:8443/" "Mozilla/5.0 (Macintosh; Intel Mac OS X 10_10_5) AppleWebKit/537.36 (KHTML, like Gecko) Chrome/50.0.2661.102 Safari/537.36"
::1 - - [30/May/2016:09:37:56 +0000] "GET /lib/metisMenu/dist/metisMenu.min.css HTTP/1.1" 304 - "http://localhost:8443/" "Mozilla/5.0 (Macintosh; Intel Mac OS X 10_10_5) AppleWebKit/537.36 (KHTML, like Gecko) Chrome/50.0.2661.102 Safari/537.36"
::1 - - [30/May/2016:09:37:56 +0000] "GET /lib/fontawesome/css/font-awesome.min.css HTTP/1.1" 304 - "http://localhost:8443/" "Mozilla/5.0 (Macintosh; Intel Mac OS X 10_10_5) AppleWebKit/537.36 (KHTML, like Gecko) Chrome/50.0.2661.102 Safari/537.36"
::1 - - [30/May/2016:09:37:56 +0000] "GET /lib/angular/angular.js HTTP/1.1" 304 - "http://localhost:8443/" "Mozilla/5.0 (Macintosh; Intel Mac OS X 10_10_5) AppleWebKit/537.36 (KHTML, like Gecko) Chrome/50.0.2661.102 Safari/537.36"
::1 - - [30/May/2016:09:37:56 +0000] "GET /dist/application.min.css HTTP/1.1" 304 - "http://localhost:8443/" "Mozilla/5.0 (Macintosh; Intel Mac OS X 10_10_5) AppleWebKit/537.36 (KHTML, like Gecko) Chrome/50.0.2661.102 Safari/537.36"
::1 - - [30/May/2016:09:37:56 +0000] "GET /lib/jquery/dist/jquery.min.js HTTP/1.1" 304 - "http://localhost:8443/" "Mozilla/5.0 (Macintosh; Intel Mac OS X 10_10_5) AppleWebKit/537.36 (KHTML, like Gecko) Chrome/50.0.2661.102 Safari/537.36"
::1 - - [30/May/2016:09:37:56 +0000] "GET /scripts.js HTTP/1.1" 304 - "http://localhost:8443/" "Mozilla/5.0 (Macintosh; Intel Mac OS X 10_10_5) AppleWebKit/537.36 (KHTML, like Gecko) Chrome/50.0.2661.102 Safari/537.36"
::1 - - [30/May/2016:09:37:56 +0000] "GET /lib/angular-animate/angular-animate.min.js HTTP/1.1" 304 - "http://localhost:8443/" "Mozilla/5.0 (Macintosh; Intel Mac OS X 10_10_5) AppleWebKit/537.36 (KHTML, like Gecko) Chrome/50.0.2661.102 Safari/537.36"
::1 - - [30/May/2016:09:37:56 +0000] "GET /lib/metisMenu/dist/metisMenu.min.js HTTP/1.1" 304 - "http://localhost:8443/" "Mozilla/5.0 (Macintosh; Intel Mac OS X 10_10_5) AppleWebKit/537.36 (KHTML, like Gecko) Chrome/50.0.2661.102 Safari/537.36"
::1 - - [30/May/2016:09:37:56 +0000] "GET /lib/pace/pace.min.js HTTP/1.1" 304 - "http://localhost:8443/" "Mozilla/5.0 (Macintosh; Intel Mac OS X 10_10_5) AppleWebKit/537.36 (KHTML, like Gecko) Chrome/50.0.2661.102 Safari/537.36"
::1 - - [30/May/2016:09:37:56 +0000] "GET /lib/angular-resource/angular-resource.min.js HTTP/1.1" 304 - "http://localhost:8443/" "Mozilla/5.0 (Macintosh; Intel Mac OS X 10_10_5) AppleWebKit/537.36 (KHTML, like Gecko) Chrome/50.0.2661.102 Safari/537.36"
::1 - - [30/May/2016:09:37:56 +0000] "GET /lib/angular-messages/angular-messages.min.js HTTP/1.1" 304 - "http://localhost:8443/" "Mozilla/5.0 (Macintosh; Intel Mac OS X 10_10_5) AppleWebKit/537.36 (KHTML, like Gecko) Chrome/50.0.2661.102 Safari/537.36"
::1 - - [30/May/2016:09:37:56 +0000] "GET /lib/angular-ui-router/release/angular-ui-router.min.js HTTP/1.1" 304 - "http://localhost:8443/" "Mozilla/5.0 (Macintosh; Intel Mac OS X 10_10_5) AppleWebKit/537.36 (KHTML, like Gecko) Chrome/50.0.2661.102 Safari/537.36"
::1 - - [30/May/2016:09:37:56 +0000] "GET /lib/angular-ui-utils/ui-utils.min.js HTTP/1.1" 304 - "http://localhost:8443/" "Mozilla/5.0 (Macintosh; Intel Mac OS X 10_10_5) AppleWebKit/537.36 (KHTML, like Gecko) Chrome/50.0.2661.102 Safari/537.36"
::1 - - [30/May/2016:09:37:56 +0000] "GET /lib/angular-bootstrap/ui-bootstrap-tpls.min.js HTTP/1.1" 304 - "http://localhost:8443/" "Mozilla/5.0 (Macintosh; Intel Mac OS X 10_10_5) AppleWebKit/537.36 (KHTML, like Gecko) Chrome/50.0.2661.102 Safari/537.36"
::1 - - [30/May/2016:09:37:56 +0000] "GET /lib/owasp-password-strength-test/owasp-password-strength-test.js HTTP/1.1" 304 - "http://localhost:8443/" "Mozilla/5.0 (Macintosh; Intel Mac OS X 10_10_5) AppleWebKit/537.36 (KHTML, like Gecko) Chrome/50.0.2661.102 Safari/537.36"
::1 - - [30/May/2016:09:37:56 +0000] "GET /dist/application.min.js HTTP/1.1" 304 - "http://localhost:8443/" "Mozilla/5.0 (Macintosh; Intel Mac OS X 10_10_5) AppleWebKit/537.36 (KHTML, like Gecko) Chrome/50.0.2661.102 Safari/537.36"
::1 - - [30/May/2016:09:37:56 +0000] "GET /lib/bootstrap/dist/css/bootstrap.css.map HTTP/1.1" 304 - "-" "Mozilla/5.0 (Macintosh; Intel Mac OS X 10_10_5) AppleWebKit/537.36 (KHTML, like Gecko) Chrome/50.0.2661.102 Safari/537.36"
::1 - - [30/May/2016:09:37:56 +0000] "GET /lib/jquery/dist/jquery.min.map HTTP/1.1" 304 - "-" "Mozilla/5.0 (Macintosh; Intel Mac OS X 10_10_5) AppleWebKit/537.36 (KHTML, like Gecko) Chrome/50.0.2661.102 Safari/537.36"
::1 - - [30/May/2016:09:37:56 +0000] "GET /lib/angular-resource/angular-resource.min.js.map HTTP/1.1" 304 - "-" "Mozilla/5.0 (Macintosh; Intel Mac OS X 10_10_5) AppleWebKit/537.36 (KHTML, like Gecko) Chrome/50.0.2661.102 Safari/537.36"
::1 - - [30/May/2016:09:37:56 +0000] "GET /lib/angular-animate/angular-animate.min.js.map HTTP/1.1" 304 - "-" "Mozilla/5.0 (Macintosh; Intel Mac OS X 10_10_5) AppleWebKit/537.36 (KHTML, like Gecko) Chrome/50.0.2661.102 Safari/537.36"
::1 - - [30/May/2016:09:37:56 +0000] "GET /lib/angular-messages/angular-messages.min.js.map HTTP/1.1" 304 - "-" "Mozilla/5.0 (Macintosh; Intel Mac OS X 10_10_5) AppleWebKit/537.36 (KHTML, like Gecko) Chrome/50.0.2661.102 Safari/537.36"
::1 - - [30/May/2016:09:37:58 +0000] "GET / HTTP/1.1" 304 - "-" "Mozilla/5.0 (Macintosh; Intel Mac OS X 10_10_5) AppleWebKit/537.36 (KHTML, like Gecko) Chrome/50.0.2661.102 Safari/537.36"
::1 - - [30/May/2016:09:37:58 +0000] "GET /lib/bootstrap/dist/css/bootstrap.css HTTP/1.1" 304 - "http://localhost:8443/" "Mozilla/5.0 (Macintosh; Intel Mac OS X 10_10_5) AppleWebKit/537.36 (KHTML, like Gecko) Chrome/50.0.2661.102 Safari/537.36"
::1 - - [30/May/2016:09:37:58 +0000] "GET /lib/metisMenu/dist/metisMenu.min.css HTTP/1.1" 304 - "http://localhost:8443/" "Mozilla/5.0 (Macintosh; Intel Mac OS X 10_10_5) AppleWebKit/537.36 (KHTML, like Gecko) Chrome/50.0.2661.102 Safari/537.36"
::1 - - [30/May/2016:09:37:58 +0000] "GET /lib/fontawesome/css/font-awesome.min.css HTTP/1.1" 304 - "http://localhost:8443/" "Mozilla/5.0 (Macintosh; Intel Mac OS X 10_10_5) AppleWebKit/537.36 (KHTML, like Gecko) Chrome/50.0.2661.102 Safari/537.36"
::1 - - [30/May/2016:09:37:58 +0000] "GET /dist/application.min.css HTTP/1.1" 304 - "http://localhost:8443/" "Mozilla/5.0 (Macintosh; Intel Mac OS X 10_10_5) AppleWebKit/537.36 (KHTML, like Gecko) Chrome/50.0.2661.102 Safari/537.36"
::1 - - [30/May/2016:09:37:58 +0000] "GET /lib/angular/angular.js HTTP/1.1" 304 - "http://localhost:8443/" "Mozilla/5.0 (Macintosh; Intel Mac OS X 10_10_5) AppleWebKit/537.36 (KHTML, like Gecko) Chrome/50.0.2661.102 Safari/537.36"
::1 - - [30/May/2016:09:37:58 +0000] "GET /lib/jquery/dist/jquery.min.js HTTP/1.1" 304 - "http://localhost:8443/" "Mozilla/5.0 (Macintosh; Intel Mac OS X 10_10_5) AppleWebKit/537.36 (KHTML, like Gecko) Chrome/50.0.2661.102 Safari/537.36"
::1 - - [30/May/2016:09:37:58 +0000] "GET /lib/metisMenu/dist/metisMenu.min.js HTTP/1.1" 304 - "http://localhost:8443/" "Mozilla/5.0 (Macintosh; Intel Mac OS X 10_10_5) AppleWebKit/537.36 (KHTML, like Gecko) Chrome/50.0.2661.102 Safari/537.36"
::1 - - [30/May/2016:09:37:58 +0000] "GET /lib/pace/pace.min.js HTTP/1.1" 304 - "http://localhost:8443/" "Mozilla/5.0 (Macintosh; Intel Mac OS X 10_10_5) AppleWebKit/537.36 (KHTML, like Gecko) Chrome/50.0.2661.102 Safari/537.36"
::1 - - [30/May/2016:09:37:58 +0000] "GET /scripts.js HTTP/1.1" 304 - "http://localhost:8443/" "Mozilla/5.0 (Macintosh; Intel Mac OS X 10_10_5) AppleWebKit/537.36 (KHTML, like Gecko) Chrome/50.0.2661.102 Safari/537.36"
::1 - - [30/May/2016:09:37:58 +0000] "GET /lib/angular-resource/angular-resource.min.js HTTP/1.1" 304 - "http://localhost:8443/" "Mozilla/5.0 (Macintosh; Intel Mac OS X 10_10_5) AppleWebKit/537.36 (KHTML, like Gecko) Chrome/50.0.2661.102 Safari/537.36"
::1 - - [30/May/2016:09:37:58 +0000] "GET /lib/angular-animate/angular-animate.min.js HTTP/1.1" 304 - "http://localhost:8443/" "Mozilla/5.0 (Macintosh; Intel Mac OS X 10_10_5) AppleWebKit/537.36 (KHTML, like Gecko) Chrome/50.0.2661.102 Safari/537.36"
::1 - - [30/May/2016:09:37:58 +0000] "GET /lib/angular-messages/angular-messages.min.js HTTP/1.1" 304 - "http://localhost:8443/" "Mozilla/5.0 (Macintosh; Intel Mac OS X 10_10_5) AppleWebKit/537.36 (KHTML, like Gecko) Chrome/50.0.2661.102 Safari/537.36"
::1 - - [30/May/2016:09:37:58 +0000] "GET /lib/angular-ui-router/release/angular-ui-router.min.js HTTP/1.1" 304 - "http://localhost:8443/" "Mozilla/5.0 (Macintosh; Intel Mac OS X 10_10_5) AppleWebKit/537.36 (KHTML, like Gecko) Chrome/50.0.2661.102 Safari/537.36"
::1 - - [30/May/2016:09:37:58 +0000] "GET /lib/angular-ui-utils/ui-utils.min.js HTTP/1.1" 304 - "http://localhost:8443/" "Mozilla/5.0 (Macintosh; Intel Mac OS X 10_10_5) AppleWebKit/537.36 (KHTML, like Gecko) Chrome/50.0.2661.102 Safari/537.36"
::1 - - [30/May/2016:09:37:58 +0000] "GET /lib/angular-bootstrap/ui-bootstrap-tpls.min.js HTTP/1.1" 304 - "http://localhost:8443/" "Mozilla/5.0 (Macintosh; Intel Mac OS X 10_10_5) AppleWebKit/537.36 (KHTML, like Gecko) Chrome/50.0.2661.102 Safari/537.36"
::1 - - [30/May/2016:09:37:58 +0000] "GET /lib/owasp-password-strength-test/owasp-password-strength-test.js HTTP/1.1" 304 - "http://localhost:8443/" "Mozilla/5.0 (Macintosh; Intel Mac OS X 10_10_5) AppleWebKit/537.36 (KHTML, like Gecko) Chrome/50.0.2661.102 Safari/537.36"
::1 - - [30/May/2016:09:37:58 +0000] "GET /dist/application.min.js HTTP/1.1" 304 - "http://localhost:8443/" "Mozilla/5.0 (Macintosh; Intel Mac OS X 10_10_5) AppleWebKit/537.36 (KHTML, like Gecko) Chrome/50.0.2661.102 Safari/537.36"
::1 - - [30/May/2016:09:37:58 +0000] "GET /lib/bootstrap/dist/css/bootstrap.css.map HTTP/1.1" 304 - "-" "Mozilla/5.0 (Macintosh; Intel Mac OS X 10_10_5) AppleWebKit/537.36 (KHTML, like Gecko) Chrome/50.0.2661.102 Safari/537.36"
::1 - - [30/May/2016:09:37:58 +0000] "GET /lib/jquery/dist/jquery.min.map HTTP/1.1" 304 - "-" "Mozilla/5.0 (Macintosh; Intel Mac OS X 10_10_5) AppleWebKit/537.36 (KHTML, like Gecko) Chrome/50.0.2661.102 Safari/537.36"
::1 - - [30/May/2016:09:37:58 +0000] "GET /lib/angular-resource/angular-resource.min.js.map HTTP/1.1" 304 - "-" "Mozilla/5.0 (Macintosh; Intel Mac OS X 10_10_5) AppleWebKit/537.36 (KHTML, like Gecko) Chrome/50.0.2661.102 Safari/537.36"
::1 - - [30/May/2016:09:37:58 +0000] "GET /lib/angular-animate/angular-animate.min.js.map HTTP/1.1" 304 - "-" "Mozilla/5.0 (Macintosh; Intel Mac OS X 10_10_5) AppleWebKit/537.36 (KHTML, like Gecko) Chrome/50.0.2661.102 Safari/537.36"
::1 - - [30/May/2016:09:37:58 +0000] "GET /lib/angular-messages/angular-messages.min.js.map HTTP/1.1" 304 - "-" "Mozilla/5.0 (Macintosh; Intel Mac OS X 10_10_5) AppleWebKit/537.36 (KHTML, like Gecko) Chrome/50.0.2661.102 Safari/537.36"
::1 - - [30/May/2016:09:38:52 +0000] "GET / HTTP/1.1" 200 - "-" "Mozilla/5.0 (Macintosh; Intel Mac OS X 10_10_5) AppleWebKit/537.36 (KHTML, like Gecko) Chrome/50.0.2661.102 Safari/537.36"
::1 - - [30/May/2016:09:38:52 +0000] "GET /dist/application.min.css HTTP/1.1" 304 - "http://localhost:8443/" "Mozilla/5.0 (Macintosh; Intel Mac OS X 10_10_5) AppleWebKit/537.36 (KHTML, like Gecko) Chrome/50.0.2661.102 Safari/537.36"
::1 - - [30/May/2016:09:38:52 +0000] "GET /lib/jquery/dist/jquery.min.js HTTP/1.1" 304 - "http://localhost:8443/" "Mozilla/5.0 (Macintosh; Intel Mac OS X 10_10_5) AppleWebKit/537.36 (KHTML, like Gecko) Chrome/50.0.2661.102 Safari/537.36"
::1 - - [30/May/2016:09:38:52 +0000] "GET /lib/bootstrap/dist/css/bootstrap.css HTTP/1.1" 304 - "http://localhost:8443/" "Mozilla/5.0 (Macintosh; Intel Mac OS X 10_10_5) AppleWebKit/537.36 (KHTML, like Gecko) Chrome/50.0.2661.102 Safari/537.36"
::1 - - [30/May/2016:09:38:52 +0000] "GET /lib/metisMenu/dist/metisMenu.min.css HTTP/1.1" 304 - "http://localhost:8443/" "Mozilla/5.0 (Macintosh; Intel Mac OS X 10_10_5) AppleWebKit/537.36 (KHTML, like Gecko) Chrome/50.0.2661.102 Safari/537.36"
::1 - - [30/May/2016:09:38:52 +0000] "GET /lib/fontawesome/css/font-awesome.min.css HTTP/1.1" 304 - "http://localhost:8443/" "Mozilla/5.0 (Macintosh; Intel Mac OS X 10_10_5) AppleWebKit/537.36 (KHTML, like Gecko) Chrome/50.0.2661.102 Safari/537.36"
::1 - - [30/May/2016:09:38:52 +0000] "GET /lib/angular/angular.js HTTP/1.1" 304 - "http://localhost:8443/" "Mozilla/5.0 (Macintosh; Intel Mac OS X 10_10_5) AppleWebKit/537.36 (KHTML, like Gecko) Chrome/50.0.2661.102 Safari/537.36"
::1 - - [30/May/2016:09:38:52 +0000] "GET /lib/metisMenu/dist/metisMenu.min.js HTTP/1.1" 304 - "http://localhost:8443/" "Mozilla/5.0 (Macintosh; Intel Mac OS X 10_10_5) AppleWebKit/537.36 (KHTML, like Gecko) Chrome/50.0.2661.102 Safari/537.36"
::1 - - [30/May/2016:09:38:52 +0000] "GET /lib/pace/pace.min.js HTTP/1.1" 304 - "http://localhost:8443/" "Mozilla/5.0 (Macintosh; Intel Mac OS X 10_10_5) AppleWebKit/537.36 (KHTML, like Gecko) Chrome/50.0.2661.102 Safari/537.36"
::1 - - [30/May/2016:09:38:52 +0000] "GET /scripts.js HTTP/1.1" 304 - "http://localhost:8443/" "Mozilla/5.0 (Macintosh; Intel Mac OS X 10_10_5) AppleWebKit/537.36 (KHTML, like Gecko) Chrome/50.0.2661.102 Safari/537.36"
::1 - - [30/May/2016:09:38:52 +0000] "GET /lib/angular-messages/angular-messages.js HTTP/1.1" 200 - "http://localhost:8443/" "Mozilla/5.0 (Macintosh; Intel Mac OS X 10_10_5) AppleWebKit/537.36 (KHTML, like Gecko) Chrome/50.0.2661.102 Safari/537.36"
::1 - - [30/May/2016:09:38:52 +0000] "GET /lib/angular-resource/angular-resource.js HTTP/1.1" 200 - "http://localhost:8443/" "Mozilla/5.0 (Macintosh; Intel Mac OS X 10_10_5) AppleWebKit/537.36 (KHTML, like Gecko) Chrome/50.0.2661.102 Safari/537.36"
::1 - - [30/May/2016:09:38:52 +0000] "GET /lib/owasp-password-strength-test/owasp-password-strength-test.js HTTP/1.1" 304 - "http://localhost:8443/" "Mozilla/5.0 (Macintosh; Intel Mac OS X 10_10_5) AppleWebKit/537.36 (KHTML, like Gecko) Chrome/50.0.2661.102 Safari/537.36"
::1 - - [30/May/2016:09:38:52 +0000] "GET /lib/angular-ui-utils/ui-utils.js HTTP/1.1" 200 - "http://localhost:8443/" "Mozilla/5.0 (Macintosh; Intel Mac OS X 10_10_5) AppleWebKit/537.36 (KHTML, like Gecko) Chrome/50.0.2661.102 Safari/537.36"
::1 - - [30/May/2016:09:38:52 +0000] "GET /dist/application.min.js HTTP/1.1" 304 - "http://localhost:8443/" "Mozilla/5.0 (Macintosh; Intel Mac OS X 10_10_5) AppleWebKit/537.36 (KHTML, like Gecko) Chrome/50.0.2661.102 Safari/537.36"
::1 - - [30/May/2016:09:38:52 +0000] "GET /lib/angular-file-upload/dist/angular-file-upload.js HTTP/1.1" 200 - "http://localhost:8443/" "Mozilla/5.0 (Macintosh; Intel Mac OS X 10_10_5) AppleWebKit/537.36 (KHTML, like Gecko) Chrome/50.0.2661.102 Safari/537.36"
::1 - - [30/May/2016:09:38:52 +0000] "GET /lib/angular-animate/angular-animate.js HTTP/1.1" 200 - "http://localhost:8443/" "Mozilla/5.0 (Macintosh; Intel Mac OS X 10_10_5) AppleWebKit/537.36 (KHTML, like Gecko) Chrome/50.0.2661.102 Safari/537.36"
::1 - - [30/May/2016:09:38:52 +0000] "GET /lib/angular-ui-router/release/angular-ui-router.js HTTP/1.1" 200 - "http://localhost:8443/" "Mozilla/5.0 (Macintosh; Intel Mac OS X 10_10_5) AppleWebKit/537.36 (KHTML, like Gecko) Chrome/50.0.2661.102 Safari/537.36"
::1 - - [30/May/2016:09:38:52 +0000] "GET /lib/bootstrap/dist/css/bootstrap.css.map HTTP/1.1" 304 - "-" "Mozilla/5.0 (Macintosh; Intel Mac OS X 10_10_5) AppleWebKit/537.36 (KHTML, like Gecko) Chrome/50.0.2661.102 Safari/537.36"
::1 - - [30/May/2016:09:38:52 +0000] "GET /lib/angular-bootstrap/ui-bootstrap-tpls.js HTTP/1.1" 200 - "http://localhost:8443/" "Mozilla/5.0 (Macintosh; Intel Mac OS X 10_10_5) AppleWebKit/537.36 (KHTML, like Gecko) Chrome/50.0.2661.102 Safari/537.36"
::1 - - [30/May/2016:09:38:52 +0000] "GET /lib/jquery/dist/jquery.min.map HTTP/1.1" 304 - "-" "Mozilla/5.0 (Macintosh; Intel Mac OS X 10_10_5) AppleWebKit/537.36 (KHTML, like Gecko) Chrome/50.0.2661.102 Safari/537.36"
::1 - - [30/May/2016:09:38:52 +0000] "GET /modules/core/client/views/footer.client.view.html HTTP/1.1" 200 162 "http://localhost:8443/" "Mozilla/5.0 (Macintosh; Intel Mac OS X 10_10_5) AppleWebKit/537.36 (KHTML, like Gecko) Chrome/50.0.2661.102 Safari/537.36"
::1 - - [30/May/2016:09:38:52 +0000] "GET /modules/core/client/views/home.client.view.html HTTP/1.1" 200 714 "http://localhost:8443/" "Mozilla/5.0 (Macintosh; Intel Mac OS X 10_10_5) AppleWebKit/537.36 (KHTML, like Gecko) Chrome/50.0.2661.102 Safari/537.36"
::1 - - [30/May/2016:09:38:52 +0000] "GET /modules/core/client/views/navigation.client.view.html HTTP/1.1" 200 - "http://localhost:8443/" "Mozilla/5.0 (Macintosh; Intel Mac OS X 10_10_5) AppleWebKit/537.36 (KHTML, like Gecko) Chrome/50.0.2661.102 Safari/537.36"
::1 - - [30/May/2016:09:38:52 +0000] "GET /modules/core/client/views/header.client.view.html HTTP/1.1" 200 - "http://localhost:8443/" "Mozilla/5.0 (Macintosh; Intel Mac OS X 10_10_5) AppleWebKit/537.36 (KHTML, like Gecko) Chrome/50.0.2661.102 Safari/537.36"
::1 - - [30/May/2016:09:38:52 +0000] "GET /lib/angular-file-upload/dist/angular-file-upload.js.map HTTP/1.1" 200 - "-" "Mozilla/5.0 (Macintosh; Intel Mac OS X 10_10_5) AppleWebKit/537.36 (KHTML, like Gecko) Chrome/50.0.2661.102 Safari/537.36"
::1 - - [30/May/2016:09:38:52 +0000] "GET /dist/patterns/header-profile.png HTTP/1.1" 200 - "http://localhost:8443/dist/application.min.css" "Mozilla/5.0 (Macintosh; Intel Mac OS X 10_10_5) AppleWebKit/537.36 (KHTML, like Gecko) Chrome/50.0.2661.102 Safari/537.36"
::1 - - [30/May/2016:09:38:52 +0000] "GET /lib/fontawesome/fonts/fontawesome-webfont.woff2?v=4.5.0 HTTP/1.1" 200 - "http://localhost:8443/lib/fontawesome/css/font-awesome.min.css" "Mozilla/5.0 (Macintosh; Intel Mac OS X 10_10_5) AppleWebKit/537.36 (KHTML, like Gecko) Chrome/50.0.2661.102 Safari/537.36"
